23:58:34 INFO  : Registering command handlers for SDK TCF services
23:58:35 INFO  : Launching XSCT server: xsct -n -interactive /home/soualo/Documents/FPGA/Tutos/ZedBoard_getting_started/ZedBoard_getting_started.sdk/temp_xsdb_launch_script.tcl
23:58:37 INFO  : XSCT server has started successfully.
23:58:37 INFO  : Successfully done setting XSCT server connection channel  
23:58:38 INFO  : Successfully done setting SDK workspace  
23:58:38 INFO  : Processing command line option -hwspec /home/soualo/Documents/FPGA/Tutos/ZedBoard_getting_started/ZedBoard_getting_started.sdk/system_wrapper.hdf.
00:00:35 INFO  : Connected to target on host '127.0.0.1' and port '3121'.
00:01:53 INFO  : Connected to target on host '127.0.0.1' and port '3121'.
00:01:53 INFO  : 'targets -set -filter {jtag_cable_name =~ "Digilent Zed 210248585732" && level==0} -index 1' command is executed.
00:01:56 INFO  : FPGA configured successfully with bitstream "/home/soualo/Documents/FPGA/Tutos/ZedBoard_getting_started/ZedBoard_getting_started.sdk/system_wrapper_hw_platform_0/system_wrapper.bit"
00:03:02 INFO  : 'targets -set -filter {jtag_cable_name =~ "Digilent Zed 210248585732" && level==0} -index 1' command is executed.
00:03:02 INFO  : 'fpga -state' command is executed.
00:03:02 INFO  : Connected to target on host '127.0.0.1' and port '3121'.
00:03:02 INFO  : Jtag cable 'Digilent Zed 210248585732' is selected.
00:03:02 INFO  : 'jtag frequency' command is executed.
00:03:02 INFO  : Sourcing of '/home/soualo/Documents/FPGA/Tutos/ZedBoard_getting_started/ZedBoard_getting_started.sdk/system_wrapper_hw_platform_0/ps7_init.tcl' is done.
00:03:02 INFO  : Context for 'APU' is selected.
00:03:02 INFO  : Hardware design information is loaded from '/home/soualo/Documents/FPGA/Tutos/ZedBoard_getting_started/ZedBoard_getting_started.sdk/system_wrapper_hw_platform_0/system.hdf'.
00:03:02 INFO  : 'configparams force-mem-access 1' command is executed.
00:03:02 INFO  : Context for 'APU' is selected.
00:03:02 INFO  : 'stop' command is executed.
00:03:02 INFO  : 'ps7_init' command is executed.
00:03:02 INFO  : 'ps7_post_config' command is executed.
00:03:03 INFO  : Context for processor 'ps7_cortexa9_0' is selected.
00:03:03 INFO  : Processor reset is completed for 'ps7_cortexa9_0'.
00:03:03 INFO  : Context for processor 'ps7_cortexa9_0' is selected.
00:03:03 INFO  : The application '/home/soualo/Documents/FPGA/Tutos/ZedBoard_getting_started/ZedBoard_getting_started.sdk/zedBoard_getting_started/Debug/zedBoard_getting_started.elf' is downloaded to processor 'ps7_cortexa9_0'.
00:03:03 INFO  : 'configparams force-mem-access 0' command is executed.
00:03:03 INFO  : ----------------XSDB Script----------------
connect -url tcp:127.0.0.1:3121
source /home/soualo/Documents/FPGA/Tutos/ZedBoard_getting_started/ZedBoard_getting_started.sdk/system_wrapper_hw_platform_0/ps7_init.tcl
targets -set -nocase -filter {name =~"APU*" && jtag_cable_name =~ "Digilent Zed 210248585732"} -index 0
loadhw -hw /home/soualo/Documents/FPGA/Tutos/ZedBoard_getting_started/ZedBoard_getting_started.sdk/system_wrapper_hw_platform_0/system.hdf -mem-ranges [list {0x40000000 0xbfffffff}]
configparams force-mem-access 1
targets -set -nocase -filter {name =~"APU*" && jtag_cable_name =~ "Digilent Zed 210248585732"} -index 0
stop
ps7_init
ps7_post_config
targets -set -nocase -filter {name =~ "ARM*#0" && jtag_cable_name =~ "Digilent Zed 210248585732"} -index 0
rst -processor
targets -set -nocase -filter {name =~ "ARM*#0" && jtag_cable_name =~ "Digilent Zed 210248585732"} -index 0
dow /home/soualo/Documents/FPGA/Tutos/ZedBoard_getting_started/ZedBoard_getting_started.sdk/zedBoard_getting_started/Debug/zedBoard_getting_started.elf
configparams force-mem-access 0
----------------End of Script----------------

00:03:03 INFO  : Memory regions updated for context APU
00:03:03 INFO  : Context for processor 'ps7_cortexa9_0' is selected.
00:03:03 INFO  : 'con' command is executed.
00:03:03 INFO  : ----------------XSDB Script (After Launch)----------------
targets -set -nocase -filter {name =~ "ARM*#0" && jtag_cable_name =~ "Digilent Zed 210248585732"} -index 0
con
----------------End of Script----------------

00:03:03 INFO  : Launch script is exported to file '/home/soualo/Documents/FPGA/Tutos/ZedBoard_getting_started/ZedBoard_getting_started.sdk/.sdk/launch_scripts/xilinx_c-c++_application_(system_debugger)/system_debugger_using_debug_zedboard_getting_started.elf_on_local.tcl'
00:17:22 INFO  : Disconnected from the channel tcfchan#1.
